<?xml version="1.0" encoding="UTF-8"?>
<!-- Generated by org.testng.reporters.JUnitXMLReporter -->
<testsuite hostname="Bishals-MacBook-Air.local" ignored="0" name="Default test" tests="2" failures="0" timestamp="2021-12-18T16:11:58 EST" time="0.387" errors="0">
  <testcase name="runScenario" time="0.102" classname="io.cucumber.testng.AbstractTestNGCucumberTests"/>
  <testcase name="runScenario" time="0.008" classname="io.cucumber.testng.AbstractTestNGCucumberTests"/>
</testsuite> <!-- Default test -->
