<?xml version="1.0" encoding="UTF-8"?>
<!-- Generated by org.testng.reporters.JUnitXMLReporter -->
<testsuite hostname="Bishals-MacBook-Air.local" ignored="0" name="Nopackage" tests="2" failures="0" timestamp="2021-12-18T15:45:54 EST" time="0.392" errors="0">
  <testcase name="runScenario" time="0.106" classname="io.cucumber.testng.AbstractTestNGCucumberTests"/>
  <testcase name="runScenario" time="0.012" classname="io.cucumber.testng.AbstractTestNGCucumberTests"/>
</testsuite> <!-- Nopackage -->
